Arguments: 
  C:\Program Files\nodejs\node.exe C:\Users\siong hwee\AppData\Roaming\npm\node_modules\yarn\bin\yarn.js add react-native-svg

PATH: 
  C:\Program Files (x86)\VMware\VMware Workstation\bin\;C:\Program Files\Common Files\Oracle\Java\javapath;C:\Program Files (x86)\Common Files\Oracle\Java\javapath;C:\WINDOWS\system32;C:\WINDOWS;C:\WINDOWS\System32\Wbem;C:\WINDOWS\System32\WindowsPowerShell\v1.0\;C:\WINDOWS\System32\OpenSSH\;C:\Program Files\NVIDIA Corporation\NVIDIA NvDLISR;C:\Program Files (x86)\NVIDIA Corporation\PhysX\Common;C:\Program Files\PuTTY\;C:\Program Files\nodejs\;C:\Program Files\Git\cmd;C:\Program Files\dotnet\;C:\Program Files\CMake\bin;C:\Ruby31-x64\bin;C:\Users\siong hwee\AppData\Local\Microsoft\WindowsApps;C:\Users\siong hwee\AppData\Local\Programs\Microsoft VS Code\bin;C:\Users\siong hwee\AppData\Roaming\npm;C:\msys64\mingw64\bin;C:\Users\siong hwee\AppData\Local\Programs\Fiddler;C:\Program Files\protoc-23.1-win64\bin;

Yarn version: 
  1.22.19

Node version: 
  18.12.1

Platform: 
  win32 x64

Trace: 
  Error: EPERM: operation not permitted, unlink 'C:\Users\siong hwee\projects\weightogo\mobileapp\node_modules\bufferutil\prebuilds\win32-x64\node.napi.node'

npm manifest: 
  {
    "name": "mobileapp",
    "version": "1.0.0",
    "main": "index.js",
    "scripts": {
      "start": "expo start",
      "android": "expo start --android",
      "ios": "expo start --ios",
      "web": "expo start --web"
    },
    "overrides": {
      "metro": "0.76.0",
      "metro-resolver": "0.76.0"
    },
    "dependencies": {
      "@react-native-async-storage/async-storage": "1.17.11",
      "@supabase/supabase-js": "^2.22.0",
      "expo": "~48.0.15",
      "expo-constants": "~14.2.1",
      "expo-image-picker": "~14.1.1",
      "expo-linking": "~4.0.1",
      "expo-router": "^1.5.3",
      "expo-status-bar": "~1.4.4",
      "react": "18.2.0",
      "react-native": "0.71.8",
      "react-native-async-storage": "^0.0.1",
      "react-native-autocomplete-dropdown": "^3.0.2",
      "react-native-paper": "^5.8.0",
      "react-native-safe-area-context": "4.5.0",
      "react-native-screens": "~3.20.0",
      "react-native-url-polyfill": "^1.3.0"
    },
    "devDependencies": {
      "@babel/core": "^7.20.0",
      "eslint": "^8.41.0",
      "eslint-plugin-react": "^7.32.2",
      "eslint-plugin-react-hooks": "^4.6.0",
      "react-native-dotenv": "^3.4.8"
    },
    "private": true
  }

yarn manifest: 
  No manifest

Lockfile: 
  No lockfile
